2022-12-26 18:24:29,601 :INFO : test_formSubmission :first name is rahul
2022-12-26 18:24:32,701 :INFO : test_e2e :getting all the card titles
2022-12-26 18:24:32,729 :INFO : test_e2e :iphone X
2022-12-26 18:24:32,741 :INFO : test_e2e :Samsung Note 8
2022-12-26 18:24:32,753 :INFO : test_e2e :Nokia Edge
2022-12-26 18:24:32,765 :INFO : test_e2e :Blackberry
2022-12-26 18:24:32,926 :INFO : test_e2e :Entering country name as ind
2022-12-26 18:24:38,313 :INFO : test_e2e :Text received from application is ×
Success! Thank you! Your order will be delivered in next few weeks :-).
2022-12-28 10:43:14,127 :INFO : test_formSubmission :first name is rahul
2022-12-28 10:43:18,087 :INFO : test_e2e :getting all the card titles
2022-12-28 10:43:18,119 :INFO : test_e2e :iphone X
2022-12-28 10:43:18,127 :INFO : test_e2e :Samsung Note 8
2022-12-28 10:43:18,143 :INFO : test_e2e :Nokia Edge
2022-12-28 10:43:18,151 :INFO : test_e2e :Blackberry
2022-12-28 10:43:18,827 :INFO : test_e2e :Entering country name as ind
2022-12-28 10:43:24,304 :INFO : test_e2e :Text received from application is ×
Success! Thank you! Your order will be delivered in next few weeks :-).
2022-12-28 14:43:53,212 :INFO : test_formSubmission :first name is rahul
2022-12-28 14:43:57,803 :INFO : test_e2e :getting all the card titles
2022-12-28 14:43:57,857 :INFO : test_e2e :iphone X
2022-12-28 14:43:57,873 :INFO : test_e2e :Samsung Note 8
2022-12-28 14:43:57,904 :INFO : test_e2e :Nokia Edge
2022-12-28 14:43:57,920 :INFO : test_e2e :Blackberry
2022-12-28 14:43:58,250 :INFO : test_e2e :Entering country name as ind
2022-12-28 14:44:03,942 :INFO : test_e2e :Text received from application is ×
Success! Thank you! Your order will be delivered in next few weeks :-).
2022-12-28 17:34:31,983 :INFO : test_formSubmission :first name is rahul
2022-12-28 17:34:35,615 :INFO : test_e2e :getting all the card titles
2022-12-28 17:34:35,687 :INFO : test_e2e :iphone X
2022-12-28 17:34:35,696 :INFO : test_e2e :Samsung Note 8
2022-12-28 17:34:35,710 :INFO : test_e2e :Nokia Edge
2022-12-28 17:34:35,726 :INFO : test_e2e :Blackberry
2022-12-28 17:34:35,914 :INFO : test_e2e :Entering country name as ind
2022-12-28 17:34:41,360 :INFO : test_e2e :Text received from application is ×
Success! Thank you! Your order will be delivered in next few weeks :-).
2023-01-15 23:07:54,792 :INFO : test_formSubmission :first name is rahul
2023-01-15 23:08:01,194 :INFO : test_e2e :getting all the card titles
2023-01-15 23:08:01,228 :INFO : test_e2e :iphone X
2023-01-15 23:08:01,241 :INFO : test_e2e :Samsung Note 8
2023-01-15 23:08:01,254 :INFO : test_e2e :Nokia Edge
2023-01-15 23:08:01,267 :INFO : test_e2e :Blackberry
2023-01-15 23:08:01,472 :INFO : test_e2e :Entering country name as ind
2023-01-15 23:08:06,875 :INFO : test_e2e :Text received from application is ×
Success! Thank you! Your order will be delivered in next few weeks :-).
2023-01-16 19:14:38,871 :INFO : test_formSubmission :first name is rahul
2023-01-16 19:14:42,934 :INFO : test_e2e :getting all the card titles
2023-01-16 19:14:43,025 :INFO : test_e2e :iphone X
2023-01-16 19:14:43,066 :INFO : test_e2e :Samsung Note 8
2023-01-16 19:14:43,085 :INFO : test_e2e :Nokia Edge
2023-01-16 19:14:43,102 :INFO : test_e2e :Blackberry
2023-01-16 19:14:43,289 :INFO : test_e2e :Entering country name as ind
2023-01-16 19:14:48,807 :INFO : test_e2e :Text received from application is ×
Success! Thank you! Your order will be delivered in next few weeks :-).
2023-01-17 18:22:16,224 :INFO : test_formSubmission :first name is rahul
2023-01-17 18:22:20,040 :INFO : test_e2e :getting all the card titles
2023-01-17 18:22:20,099 :INFO : test_e2e :iphone X
2023-01-17 18:22:20,119 :INFO : test_e2e :Samsung Note 8
2023-01-17 18:22:20,141 :INFO : test_e2e :Nokia Edge
2023-01-17 18:22:20,164 :INFO : test_e2e :Blackberry
2023-01-17 18:22:20,478 :INFO : test_e2e :Entering country name as ind
2023-01-17 18:22:26,076 :INFO : test_e2e :Text received from application is ×
Success! Thank you! Your order will be delivered in next few weeks :-).
2023-01-19 18:19:23,035 :INFO : test_formSubmission :first name is rahul
2023-01-19 18:19:28,586 :INFO : test_e2e :getting all the card titles
2023-01-19 18:19:28,633 :INFO : test_e2e :iphone X
2023-01-19 18:19:28,653 :INFO : test_e2e :Samsung Note 8
2023-01-19 18:19:28,670 :INFO : test_e2e :Nokia Edge
2023-01-19 18:19:28,706 :INFO : test_e2e :Blackberry
2023-01-19 18:19:29,030 :INFO : test_e2e :Entering country name as ind
2023-01-19 18:19:34,644 :INFO : test_e2e :Text received from application is ×
Success! Thank you! Your order will be delivered in next few weeks :-).
